2025-11-20 15:17:00 | WARN | repo=arquillian-phantom-driver | action=commit
2025-05-12 16:35:00 | DEBUG | repo=arquillian-phantom-driver | action=commit
2025-08-22 07:19:00 | INFO | repo=arquillian-phantom-driver | action=pull
2025-08-14 09:26:00 | INFO | repo=arquillian-phantom-driver | action=commit
2025-05-24 08:32:00 | INFO | repo=arquillian-phantom-driver | action=commit
2025-02-27 07:11:00 | WARN | repo=arquillian-phantom-driver | action=commit
2025-10-14 10:15:00 | WARN | repo=arquillian-phantom-driver | action=edit | files=1
2025-05-10 18:29:00 | DEBUG | repo=arquillian-phantom-driver | action=pull
2025-08-24 21:58:00 | INFO | repo=arquillian-phantom-driver | action=commit
2025-11-05 21:44:00 | INFO | repo=arquillian-phantom-driver | action=commit
2025-04-08 07:22:00 | DEBUG | repo=arquillian-phantom-driver | action=edit | files=5
2025-02-13 16:06:00 | DEBUG | repo=arquillian-phantom-driver | action=commit
2025-01-23 13:41:00 | WARN | repo=arquillian-phantom-driver | action=commit
2025-10-12 07:20:00 | INFO | repo=arquillian-phantom-driver | action=commit
2025-09-09 11:22:00 | WARN | repo=arquillian-phantom-driver | action=edit | files=2
2025-07-03 17:18:00 | DEBUG | repo=arquillian-phantom-driver | action=test | passed=true
2025-03-08 21:20:00 | DEBUG | repo=arquillian-phantom-driver | action=pull
2025-02-02 14:57:00 | INFO | repo=arquillian-phantom-driver | action=commit
2025-03-22 21:52:00 | DEBUG | repo=arquillian-phantom-driver | action=commit
2025-08-13 19:27:00 | DEBUG | repo=arquillian-phantom-driver | action=commit
2025-08-09 18:37:00 | INFO | repo=arquillian-phantom-driver | action=edit | files=1
2025-08-01 13:16:00 | WARN | repo=arquillian-phantom-driver | action=commit
2025-10-06 18:32:00 | DEBUG | repo=arquillian-phantom-driver | action=pull
2025-01-18 16:23:00 | INFO | repo=arquillian-phantom-driver | action=commit
2025-08-15 10:40:00 | INFO | repo=arquillian-phantom-driver | action=edit | files=2
2025-05-21 13:54:00 | DEBUG | repo=arquillian-phantom-driver | action=commit
2025-06-06 09:31:00 | WARN | repo=arquillian-phantom-driver | action=commit
